<?xml version="1.0" encoding="UTF-8"?><testrun name="TestRunner" project="CucumberJava" tests="1" started="1" failures="0" errors="1" ignored="0">
  <testsuite name="br.sp.alex.tests.TestRunner" time="9.585">
    <testsuite name="Cotacao de veiculos" time="9.585">
      <testcase name="Preencher dados do veiculo" classname="Cotacao de veiculos" time="9.585">
        <error>io.cucumber.junit.UndefinedStepException: The step 'Data da fabricacao "21/02/2020"' and 1 other step(s) are undefined.
You can implement these steps using the snippet(s) below:

@When("Data da fabricacao {string}")
public void dataDaFabricacao(String string) {
    // Write code here that turns the phrase above into concrete actions
    throw new io.cucumber.java.PendingException();
}
@When("o tipo de combustive ï¿½ GAS")
public void oTipoDeCombustiveGAS() {
    // Write code here that turns the phrase above into concrete actions
    throw new io.cucumber.java.PendingException();
}
&#13;
&#13;
</error>
      </testcase>
    </testsuite>
  </testsuite>
</testrun>
