<?xml version="1.0" encoding="UTF-8"?><testrun name="TestRunner" project="CucumberJava" tests="1" started="1" failures="0" errors="1" ignored="0">
  <testsuite name="br.sp.alex.tests.TestRunner" time="15.139">
    <testsuite name="Cotacao de veiculos" time="15.139">
      <testcase name="Preencher dados do veiculo" classname="Cotacao de veiculos" time="15.139">
        <error>io.cucumber.junit.UndefinedStepException: The step 'Sexo Masculino' is undefined.
You can implement this step using the snippet(s) below:

@When("Sexo Masculino")
public void sexoMasculino() {
    // Write code here that turns the phrase above into concrete actions
    throw new io.cucumber.java.PendingException();
}
&#13;
&#13;
</error>
      </testcase>
    </testsuite>
  </testsuite>
</testrun>
